<?xml version="1.0" encoding="UTF-8"?>
<!-- Generated by org.testng.reporters.JUnitReportReporter -->
<testsuite hostname="VyshakaShamanth" failures="0" tests="1" name="com.yahoo.testcases.ValidateTeslaStock" time="6.684" errors="0" timestamp="2025-01-09T12:03:45 IST" skipped="0">
  <testcase classname="com.yahoo.testcases.ValidateTeslaStock" name="validate" time="6.684"/>
  <system-out/>
</testsuite> <!-- com.yahoo.testcases.ValidateTeslaStock -->
